07:52:58,699 DEBUG BasicTypeRegistry:148 - Adding type registration boolean -> org.hibernate.type.BooleanType@73a1e9a9
07:52:58,704 DEBUG BasicTypeRegistry:148 - Adding type registration boolean -> org.hibernate.type.BooleanType@73a1e9a9
07:52:58,705 DEBUG BasicTypeRegistry:148 - Adding type registration java.lang.Boolean -> org.hibernate.type.BooleanType@73a1e9a9
07:52:58,711 DEBUG BasicTypeRegistry:148 - Adding type registration numeric_boolean -> org.hibernate.type.NumericBooleanType@41d477ed
07:52:58,719 DEBUG BasicTypeRegistry:148 - Adding type registration true_false -> org.hibernate.type.TrueFalseType@443118b0
07:52:58,720 DEBUG BasicTypeRegistry:148 - Adding type registration yes_no -> org.hibernate.type.YesNoType@618b19ad
07:52:58,725 DEBUG BasicTypeRegistry:148 - Adding type registration byte -> org.hibernate.type.ByteType@411f53a0
07:52:58,725 DEBUG BasicTypeRegistry:148 - Adding type registration byte -> org.hibernate.type.ByteType@411f53a0
07:52:58,726 DEBUG BasicTypeRegistry:148 - Adding type registration java.lang.Byte -> org.hibernate.type.ByteType@411f53a0
07:52:58,729 DEBUG BasicTypeRegistry:148 - Adding type registration character -> org.hibernate.type.CharacterType@3754a4bf
07:52:58,729 DEBUG BasicTypeRegistry:148 - Adding type registration char -> org.hibernate.type.CharacterType@3754a4bf
07:52:58,730 DEBUG BasicTypeRegistry:148 - Adding type registration java.lang.Character -> org.hibernate.type.CharacterType@3754a4bf
07:52:58,734 DEBUG BasicTypeRegistry:148 - Adding type registration short -> org.hibernate.type.ShortType@1d296da
07:52:58,735 DEBUG BasicTypeRegistry:148 - Adding type registration short -> org.hibernate.type.ShortType@1d296da
07:52:58,735 DEBUG BasicTypeRegistry:148 - Adding type registration java.lang.Short -> org.hibernate.type.ShortType@1d296da
07:52:58,742 DEBUG BasicTypeRegistry:148 - Adding type registration integer -> org.hibernate.type.IntegerType@6c6cb480
07:52:58,744 DEBUG BasicTypeRegistry:148 - Adding type registration int -> org.hibernate.type.IntegerType@6c6cb480
07:52:58,744 DEBUG BasicTypeRegistry:148 - Adding type registration java.lang.Integer -> org.hibernate.type.IntegerType@6c6cb480
07:52:58,754 DEBUG BasicTypeRegistry:148 - Adding type registration long -> org.hibernate.type.LongType@38425407
07:52:58,755 DEBUG BasicTypeRegistry:148 - Adding type registration long -> org.hibernate.type.LongType@38425407
07:52:58,755 DEBUG BasicTypeRegistry:148 - Adding type registration java.lang.Long -> org.hibernate.type.LongType@38425407
07:52:58,763 DEBUG BasicTypeRegistry:148 - Adding type registration float -> org.hibernate.type.FloatType@327514f
07:52:58,764 DEBUG BasicTypeRegistry:148 - Adding type registration float -> org.hibernate.type.FloatType@327514f
07:52:58,765 DEBUG BasicTypeRegistry:148 - Adding type registration java.lang.Float -> org.hibernate.type.FloatType@327514f
07:52:58,773 DEBUG BasicTypeRegistry:148 - Adding type registration double -> org.hibernate.type.DoubleType@5542c4ed
07:52:58,773 DEBUG BasicTypeRegistry:148 - Adding type registration double -> org.hibernate.type.DoubleType@5542c4ed
07:52:58,774 DEBUG BasicTypeRegistry:148 - Adding type registration java.lang.Double -> org.hibernate.type.DoubleType@5542c4ed
07:52:58,786 DEBUG BasicTypeRegistry:148 - Adding type registration big_decimal -> org.hibernate.type.BigDecimalType@10683d9d
07:52:58,786 DEBUG BasicTypeRegistry:148 - Adding type registration java.math.BigDecimal -> org.hibernate.type.BigDecimalType@10683d9d
07:52:58,791 DEBUG BasicTypeRegistry:148 - Adding type registration big_integer -> org.hibernate.type.BigIntegerType@139982de
07:52:58,791 DEBUG BasicTypeRegistry:148 - Adding type registration java.math.BigInteger -> org.hibernate.type.BigIntegerType@139982de
07:52:58,796 DEBUG BasicTypeRegistry:148 - Adding type registration string -> org.hibernate.type.StringType@31190526
07:52:58,796 DEBUG BasicTypeRegistry:148 - Adding type registration java.lang.String -> org.hibernate.type.StringType@31190526
07:52:58,800 DEBUG BasicTypeRegistry:148 - Adding type registration nstring -> org.hibernate.type.StringNVarcharType@77c2494c
07:52:58,801 DEBUG BasicTypeRegistry:148 - Adding type registration ncharacter -> org.hibernate.type.CharacterNCharType@1e800aaa
07:52:58,805 DEBUG BasicTypeRegistry:148 - Adding type registration url -> org.hibernate.type.UrlType@3b0090a4
07:52:58,805 DEBUG BasicTypeRegistry:148 - Adding type registration java.net.URL -> org.hibernate.type.UrlType@3b0090a4
07:52:58,816 DEBUG BasicTypeRegistry:148 - Adding type registration date -> org.hibernate.type.DateType@15de0b3c
07:52:58,816 DEBUG BasicTypeRegistry:148 - Adding type registration java.sql.Date -> org.hibernate.type.DateType@15de0b3c
07:52:58,821 DEBUG BasicTypeRegistry:148 - Adding type registration time -> org.hibernate.type.TimeType@79079097
07:52:58,821 DEBUG BasicTypeRegistry:148 - Adding type registration java.sql.Time -> org.hibernate.type.TimeType@79079097
07:52:58,833 DEBUG BasicTypeRegistry:148 - Adding type registration timestamp -> org.hibernate.type.TimestampType@3d285d7e
07:52:58,833 DEBUG BasicTypeRegistry:148 - Adding type registration java.sql.Timestamp -> org.hibernate.type.TimestampType@3d285d7e
07:52:58,834 DEBUG BasicTypeRegistry:148 - Adding type registration java.util.Date -> org.hibernate.type.TimestampType@3d285d7e
07:52:58,845 DEBUG BasicTypeRegistry:148 - Adding type registration dbtimestamp -> org.hibernate.type.DbTimestampType@367ffa75
07:52:58,847 DEBUG BasicTypeRegistry:148 - Adding type registration calendar -> org.hibernate.type.CalendarType@fbd1f6
07:52:58,848 DEBUG BasicTypeRegistry:148 - Adding type registration java.util.Calendar -> org.hibernate.type.CalendarType@fbd1f6
07:52:58,849 DEBUG BasicTypeRegistry:148 - Adding type registration java.util.GregorianCalendar -> org.hibernate.type.CalendarType@fbd1f6
07:52:58,850 DEBUG BasicTypeRegistry:148 - Adding type registration calendar_date -> org.hibernate.type.CalendarDateType@7a8c8dcf
07:52:58,853 DEBUG BasicTypeRegistry:148 - Adding type registration locale -> org.hibernate.type.LocaleType@2a5c8d3f
07:52:58,853 DEBUG BasicTypeRegistry:148 - Adding type registration java.util.Locale -> org.hibernate.type.LocaleType@2a5c8d3f
07:52:58,857 DEBUG BasicTypeRegistry:148 - Adding type registration currency -> org.hibernate.type.CurrencyType@2925bf5b
07:52:58,857 DEBUG BasicTypeRegistry:148 - Adding type registration java.util.Currency -> org.hibernate.type.CurrencyType@2925bf5b
07:52:58,861 DEBUG BasicTypeRegistry:148 - Adding type registration timezone -> org.hibernate.type.TimeZoneType@6ad82709
07:52:58,862 DEBUG BasicTypeRegistry:148 - Adding type registration java.util.TimeZone -> org.hibernate.type.TimeZoneType@6ad82709
07:52:58,864 DEBUG BasicTypeRegistry:148 - Adding type registration class -> org.hibernate.type.ClassType@b2c9a9c
07:52:58,865 DEBUG BasicTypeRegistry:148 - Adding type registration java.lang.Class -> org.hibernate.type.ClassType@b2c9a9c
07:52:58,869 DEBUG BasicTypeRegistry:148 - Adding type registration uuid-binary -> org.hibernate.type.UUIDBinaryType@24313fcc
07:52:58,870 DEBUG BasicTypeRegistry:148 - Adding type registration java.util.UUID -> org.hibernate.type.UUIDBinaryType@24313fcc
07:52:58,871 DEBUG BasicTypeRegistry:148 - Adding type registration uuid-char -> org.hibernate.type.UUIDCharType@41a2befb
07:52:58,872 DEBUG BasicTypeRegistry:148 - Adding type registration pg-uuid -> org.hibernate.type.PostgresUUIDType@38afe297
07:52:58,876 DEBUG BasicTypeRegistry:148 - Adding type registration binary -> org.hibernate.type.BinaryType@7c9d8e2
07:52:58,876 DEBUG BasicTypeRegistry:148 - Adding type registration byte[] -> org.hibernate.type.BinaryType@7c9d8e2
07:52:58,877 DEBUG BasicTypeRegistry:148 - Adding type registration [B -> org.hibernate.type.BinaryType@7c9d8e2
07:52:58,879 DEBUG BasicTypeRegistry:148 - Adding type registration wrapper-binary -> org.hibernate.type.WrapperBinaryType@6f4a47c7
07:52:58,879 DEBUG BasicTypeRegistry:148 - Adding type registration Byte[] -> org.hibernate.type.WrapperBinaryType@6f4a47c7
07:52:58,880 DEBUG BasicTypeRegistry:148 - Adding type registration [Ljava.lang.Byte; -> org.hibernate.type.WrapperBinaryType@6f4a47c7
07:52:58,883 DEBUG BasicTypeRegistry:148 - Adding type registration image -> org.hibernate.type.ImageType@43c1b556
07:52:58,887 DEBUG BasicTypeRegistry:148 - Adding type registration characters -> org.hibernate.type.CharArrayType@4988d8b8
07:52:58,887 DEBUG BasicTypeRegistry:148 - Adding type registration char[] -> org.hibernate.type.CharArrayType@4988d8b8
07:52:58,888 DEBUG BasicTypeRegistry:148 - Adding type registration [C -> org.hibernate.type.CharArrayType@4988d8b8
07:52:58,889 DEBUG BasicTypeRegistry:148 - Adding type registration wrapper-characters -> org.hibernate.type.CharacterArrayType@bccb269
07:52:58,889 DEBUG BasicTypeRegistry:148 - Adding type registration [Ljava.lang.Character; -> org.hibernate.type.CharacterArrayType@bccb269
07:52:58,890 DEBUG BasicTypeRegistry:148 - Adding type registration Character[] -> org.hibernate.type.CharacterArrayType@bccb269
07:52:58,890 DEBUG BasicTypeRegistry:148 - Adding type registration text -> org.hibernate.type.TextType@158a8276
07:52:58,891 DEBUG BasicTypeRegistry:148 - Adding type registration ntext -> org.hibernate.type.NTextType@4e50c791
07:52:58,900 DEBUG BasicTypeRegistry:148 - Adding type registration blob -> org.hibernate.type.BlobType@561b6512
07:52:58,900 DEBUG BasicTypeRegistry:148 - Adding type registration java.sql.Blob -> org.hibernate.type.BlobType@561b6512
07:52:58,904 DEBUG BasicTypeRegistry:148 - Adding type registration materialized_blob -> org.hibernate.type.MaterializedBlobType@445b295b
07:52:58,910 DEBUG BasicTypeRegistry:148 - Adding type registration clob -> org.hibernate.type.ClobType@291b4bf5
07:52:58,910 DEBUG BasicTypeRegistry:148 - Adding type registration java.sql.Clob -> org.hibernate.type.ClobType@291b4bf5
07:52:58,915 DEBUG BasicTypeRegistry:148 - Adding type registration nclob -> org.hibernate.type.NClobType@6a2b953e
07:52:58,915 DEBUG BasicTypeRegistry:148 - Adding type registration java.sql.NClob -> org.hibernate.type.NClobType@6a2b953e
07:52:58,916 DEBUG BasicTypeRegistry:148 - Adding type registration materialized_clob -> org.hibernate.type.MaterializedClobType@548e6d58
07:52:58,916 DEBUG BasicTypeRegistry:148 - Adding type registration materialized_nclob -> org.hibernate.type.MaterializedNClobType@175b9425
07:52:58,918 DEBUG BasicTypeRegistry:148 - Adding type registration serializable -> org.hibernate.type.SerializableType@57250572
07:52:58,925 DEBUG BasicTypeRegistry:148 - Adding type registration object -> org.hibernate.type.ObjectType@3f56875e
07:52:58,925 DEBUG BasicTypeRegistry:148 - Adding type registration java.lang.Object -> org.hibernate.type.ObjectType@3f56875e
07:52:58,926 DEBUG BasicTypeRegistry:148 - Adding type registration imm_date -> org.hibernate.type.AdaptedImmutableType@3571b748
07:52:58,926 DEBUG BasicTypeRegistry:148 - Adding type registration imm_time -> org.hibernate.type.AdaptedImmutableType@3e96bacf
07:52:58,927 DEBUG BasicTypeRegistry:148 - Adding type registration imm_timestamp -> org.hibernate.type.AdaptedImmutableType@484970b0
07:52:58,927 DEBUG BasicTypeRegistry:148 - Adding type registration imm_dbtimestamp -> org.hibernate.type.AdaptedImmutableType@4470f8a6
07:52:58,929 DEBUG BasicTypeRegistry:148 - Adding type registration imm_calendar -> org.hibernate.type.AdaptedImmutableType@7c83dc97
07:52:58,930 DEBUG BasicTypeRegistry:148 - Adding type registration imm_calendar_date -> org.hibernate.type.AdaptedImmutableType@7748410a
07:52:58,931 DEBUG BasicTypeRegistry:148 - Adding type registration imm_binary -> org.hibernate.type.AdaptedImmutableType@740773a3
07:52:58,931 DEBUG BasicTypeRegistry:148 - Adding type registration imm_serializable -> org.hibernate.type.AdaptedImmutableType@37f1104d
07:52:59,138 DEBUG BasicTypeRegistry:148 - Adding type registration boolean -> org.hibernate.type.BooleanType@73a1e9a9
07:52:59,139 DEBUG BasicTypeRegistry:148 - Adding type registration boolean -> org.hibernate.type.BooleanType@73a1e9a9
07:52:59,140 DEBUG BasicTypeRegistry:148 - Adding type registration java.lang.Boolean -> org.hibernate.type.BooleanType@73a1e9a9
07:52:59,140 DEBUG BasicTypeRegistry:148 - Adding type registration numeric_boolean -> org.hibernate.type.NumericBooleanType@41d477ed
07:52:59,141 DEBUG BasicTypeRegistry:148 - Adding type registration true_false -> org.hibernate.type.TrueFalseType@443118b0
07:52:59,142 DEBUG BasicTypeRegistry:148 - Adding type registration yes_no -> org.hibernate.type.YesNoType@618b19ad
07:52:59,142 DEBUG BasicTypeRegistry:148 - Adding type registration byte -> org.hibernate.type.ByteType@411f53a0
07:52:59,142 DEBUG BasicTypeRegistry:148 - Adding type registration byte -> org.hibernate.type.ByteType@411f53a0
07:52:59,143 DEBUG BasicTypeRegistry:148 - Adding type registration java.lang.Byte -> org.hibernate.type.ByteType@411f53a0
07:52:59,143 DEBUG BasicTypeRegistry:148 - Adding type registration character -> org.hibernate.type.CharacterType@3754a4bf
07:52:59,143 DEBUG BasicTypeRegistry:148 - Adding type registration char -> org.hibernate.type.CharacterType@3754a4bf
07:52:59,144 DEBUG BasicTypeRegistry:148 - Adding type registration java.lang.Character -> org.hibernate.type.CharacterType@3754a4bf
07:52:59,144 DEBUG BasicTypeRegistry:148 - Adding type registration short -> org.hibernate.type.ShortType@1d296da
07:52:59,144 DEBUG BasicTypeRegistry:148 - Adding type registration short -> org.hibernate.type.ShortType@1d296da
07:52:59,144 DEBUG BasicTypeRegistry:148 - Adding type registration java.lang.Short -> org.hibernate.type.ShortType@1d296da
07:52:59,144 DEBUG BasicTypeRegistry:148 - Adding type registration integer -> org.hibernate.type.IntegerType@6c6cb480
07:52:59,145 DEBUG BasicTypeRegistry:148 - Adding type registration int -> org.hibernate.type.IntegerType@6c6cb480
07:52:59,145 DEBUG BasicTypeRegistry:148 - Adding type registration java.lang.Integer -> org.hibernate.type.IntegerType@6c6cb480
07:52:59,145 DEBUG BasicTypeRegistry:148 - Adding type registration long -> org.hibernate.type.LongType@38425407
07:52:59,145 DEBUG BasicTypeRegistry:148 - Adding type registration long -> org.hibernate.type.LongType@38425407
07:52:59,146 DEBUG BasicTypeRegistry:148 - Adding type registration java.lang.Long -> org.hibernate.type.LongType@38425407
07:52:59,146 DEBUG BasicTypeRegistry:148 - Adding type registration float -> org.hibernate.type.FloatType@327514f
07:52:59,146 DEBUG BasicTypeRegistry:148 - Adding type registration float -> org.hibernate.type.FloatType@327514f
07:52:59,147 DEBUG BasicTypeRegistry:148 - Adding type registration java.lang.Float -> org.hibernate.type.FloatType@327514f
07:52:59,147 DEBUG BasicTypeRegistry:148 - Adding type registration double -> org.hibernate.type.DoubleType@5542c4ed
07:52:59,148 DEBUG BasicTypeRegistry:148 - Adding type registration double -> org.hibernate.type.DoubleType@5542c4ed
07:52:59,148 DEBUG BasicTypeRegistry:148 - Adding type registration java.lang.Double -> org.hibernate.type.DoubleType@5542c4ed
07:52:59,148 DEBUG BasicTypeRegistry:148 - Adding type registration big_decimal -> org.hibernate.type.BigDecimalType@10683d9d
07:52:59,149 DEBUG BasicTypeRegistry:148 - Adding type registration java.math.BigDecimal -> org.hibernate.type.BigDecimalType@10683d9d
07:52:59,149 DEBUG BasicTypeRegistry:148 - Adding type registration big_integer -> org.hibernate.type.BigIntegerType@139982de
07:52:59,150 DEBUG BasicTypeRegistry:148 - Adding type registration java.math.BigInteger -> org.hibernate.type.BigIntegerType@139982de
07:52:59,150 DEBUG BasicTypeRegistry:148 - Adding type registration string -> org.hibernate.type.StringType@31190526
07:52:59,151 DEBUG BasicTypeRegistry:148 - Adding type registration java.lang.String -> org.hibernate.type.StringType@31190526
07:52:59,151 DEBUG BasicTypeRegistry:148 - Adding type registration nstring -> org.hibernate.type.StringNVarcharType@77c2494c
07:52:59,152 DEBUG BasicTypeRegistry:148 - Adding type registration ncharacter -> org.hibernate.type.CharacterNCharType@1e800aaa
07:52:59,152 DEBUG BasicTypeRegistry:148 - Adding type registration url -> org.hibernate.type.UrlType@3b0090a4
07:52:59,152 DEBUG BasicTypeRegistry:148 - Adding type registration java.net.URL -> org.hibernate.type.UrlType@3b0090a4
07:52:59,153 DEBUG BasicTypeRegistry:148 - Adding type registration date -> org.hibernate.type.DateType@15de0b3c
07:52:59,153 DEBUG BasicTypeRegistry:148 - Adding type registration java.sql.Date -> org.hibernate.type.DateType@15de0b3c
07:52:59,153 DEBUG BasicTypeRegistry:148 - Adding type registration time -> org.hibernate.type.TimeType@79079097
07:52:59,154 DEBUG BasicTypeRegistry:148 - Adding type registration java.sql.Time -> org.hibernate.type.TimeType@79079097
07:52:59,155 DEBUG BasicTypeRegistry:148 - Adding type registration timestamp -> org.hibernate.type.TimestampType@3d285d7e
07:52:59,155 DEBUG BasicTypeRegistry:148 - Adding type registration java.sql.Timestamp -> org.hibernate.type.TimestampType@3d285d7e
07:52:59,155 DEBUG BasicTypeRegistry:148 - Adding type registration java.util.Date -> org.hibernate.type.TimestampType@3d285d7e
07:52:59,156 DEBUG BasicTypeRegistry:148 - Adding type registration dbtimestamp -> org.hibernate.type.DbTimestampType@367ffa75
07:52:59,156 DEBUG BasicTypeRegistry:148 - Adding type registration calendar -> org.hibernate.type.CalendarType@fbd1f6
07:52:59,157 DEBUG BasicTypeRegistry:148 - Adding type registration java.util.Calendar -> org.hibernate.type.CalendarType@fbd1f6
07:52:59,157 DEBUG BasicTypeRegistry:148 - Adding type registration java.util.GregorianCalendar -> org.hibernate.type.CalendarType@fbd1f6
07:52:59,157 DEBUG BasicTypeRegistry:148 - Adding type registration calendar_date -> org.hibernate.type.CalendarDateType@7a8c8dcf
07:52:59,158 DEBUG BasicTypeRegistry:148 - Adding type registration locale -> org.hibernate.type.LocaleType@2a5c8d3f
07:52:59,158 DEBUG BasicTypeRegistry:148 - Adding type registration java.util.Locale -> org.hibernate.type.LocaleType@2a5c8d3f
07:52:59,159 DEBUG BasicTypeRegistry:148 - Adding type registration currency -> org.hibernate.type.CurrencyType@2925bf5b
07:52:59,159 DEBUG BasicTypeRegistry:148 - Adding type registration java.util.Currency -> org.hibernate.type.CurrencyType@2925bf5b
07:52:59,159 DEBUG BasicTypeRegistry:148 - Adding type registration timezone -> org.hibernate.type.TimeZoneType@6ad82709
07:52:59,160 DEBUG BasicTypeRegistry:148 - Adding type registration java.util.TimeZone -> org.hibernate.type.TimeZoneType@6ad82709
07:52:59,160 DEBUG BasicTypeRegistry:148 - Adding type registration class -> org.hibernate.type.ClassType@b2c9a9c
07:52:59,160 DEBUG BasicTypeRegistry:148 - Adding type registration java.lang.Class -> org.hibernate.type.ClassType@b2c9a9c
07:52:59,161 DEBUG BasicTypeRegistry:148 - Adding type registration uuid-binary -> org.hibernate.type.UUIDBinaryType@24313fcc
07:52:59,161 DEBUG BasicTypeRegistry:148 - Adding type registration java.util.UUID -> org.hibernate.type.UUIDBinaryType@24313fcc
07:52:59,161 DEBUG BasicTypeRegistry:148 - Adding type registration uuid-char -> org.hibernate.type.UUIDCharType@41a2befb
07:52:59,162 DEBUG BasicTypeRegistry:148 - Adding type registration pg-uuid -> org.hibernate.type.PostgresUUIDType@38afe297
07:52:59,162 DEBUG BasicTypeRegistry:148 - Adding type registration binary -> org.hibernate.type.BinaryType@7c9d8e2
07:52:59,163 DEBUG BasicTypeRegistry:148 - Adding type registration byte[] -> org.hibernate.type.BinaryType@7c9d8e2
07:52:59,163 DEBUG BasicTypeRegistry:148 - Adding type registration [B -> org.hibernate.type.BinaryType@7c9d8e2
07:52:59,163 DEBUG BasicTypeRegistry:148 - Adding type registration wrapper-binary -> org.hibernate.type.WrapperBinaryType@6f4a47c7
07:52:59,164 DEBUG BasicTypeRegistry:148 - Adding type registration Byte[] -> org.hibernate.type.WrapperBinaryType@6f4a47c7
07:52:59,164 DEBUG BasicTypeRegistry:148 - Adding type registration [Ljava.lang.Byte; -> org.hibernate.type.WrapperBinaryType@6f4a47c7
07:52:59,165 DEBUG BasicTypeRegistry:148 - Adding type registration image -> org.hibernate.type.ImageType@43c1b556
07:52:59,165 DEBUG BasicTypeRegistry:148 - Adding type registration characters -> org.hibernate.type.CharArrayType@4988d8b8
07:52:59,165 DEBUG BasicTypeRegistry:148 - Adding type registration char[] -> org.hibernate.type.CharArrayType@4988d8b8
07:52:59,166 DEBUG BasicTypeRegistry:148 - Adding type registration [C -> org.hibernate.type.CharArrayType@4988d8b8
07:52:59,166 DEBUG BasicTypeRegistry:148 - Adding type registration wrapper-characters -> org.hibernate.type.CharacterArrayType@bccb269
07:52:59,167 DEBUG BasicTypeRegistry:148 - Adding type registration [Ljava.lang.Character; -> org.hibernate.type.CharacterArrayType@bccb269
07:52:59,167 DEBUG BasicTypeRegistry:148 - Adding type registration Character[] -> org.hibernate.type.CharacterArrayType@bccb269
07:52:59,167 DEBUG BasicTypeRegistry:148 - Adding type registration text -> org.hibernate.type.TextType@158a8276
07:52:59,168 DEBUG BasicTypeRegistry:148 - Adding type registration ntext -> org.hibernate.type.NTextType@4e50c791
07:52:59,168 DEBUG BasicTypeRegistry:148 - Adding type registration blob -> org.hibernate.type.BlobType@561b6512
07:52:59,168 DEBUG BasicTypeRegistry:148 - Adding type registration java.sql.Blob -> org.hibernate.type.BlobType@561b6512
07:52:59,168 DEBUG BasicTypeRegistry:148 - Adding type registration materialized_blob -> org.hibernate.type.MaterializedBlobType@445b295b
07:52:59,169 DEBUG BasicTypeRegistry:148 - Adding type registration clob -> org.hibernate.type.ClobType@291b4bf5
07:52:59,169 DEBUG BasicTypeRegistry:148 - Adding type registration java.sql.Clob -> org.hibernate.type.ClobType@291b4bf5
07:52:59,169 DEBUG BasicTypeRegistry:148 - Adding type registration nclob -> org.hibernate.type.NClobType@6a2b953e
07:52:59,170 DEBUG BasicTypeRegistry:148 - Adding type registration java.sql.NClob -> org.hibernate.type.NClobType@6a2b953e
07:52:59,170 DEBUG BasicTypeRegistry:148 - Adding type registration materialized_clob -> org.hibernate.type.MaterializedClobType@548e6d58
07:52:59,171 DEBUG BasicTypeRegistry:148 - Adding type registration materialized_nclob -> org.hibernate.type.MaterializedNClobType@175b9425
07:52:59,171 DEBUG BasicTypeRegistry:148 - Adding type registration serializable -> org.hibernate.type.SerializableType@57250572
07:52:59,172 DEBUG BasicTypeRegistry:148 - Adding type registration object -> org.hibernate.type.ObjectType@3f56875e
07:52:59,172 DEBUG BasicTypeRegistry:148 - Adding type registration java.lang.Object -> org.hibernate.type.ObjectType@3f56875e
07:52:59,173 DEBUG BasicTypeRegistry:148 - Adding type registration imm_date -> org.hibernate.type.AdaptedImmutableType@33990a0c
07:52:59,173 DEBUG BasicTypeRegistry:148 - Adding type registration imm_time -> org.hibernate.type.AdaptedImmutableType@4de4b452
07:52:59,174 DEBUG BasicTypeRegistry:148 - Adding type registration imm_timestamp -> org.hibernate.type.AdaptedImmutableType@50b5ac82
07:52:59,174 DEBUG BasicTypeRegistry:148 - Adding type registration imm_dbtimestamp -> org.hibernate.type.AdaptedImmutableType@101952da
07:52:59,175 DEBUG BasicTypeRegistry:148 - Adding type registration imm_calendar -> org.hibernate.type.AdaptedImmutableType@6babf3bf
07:52:59,175 DEBUG BasicTypeRegistry:148 - Adding type registration imm_calendar_date -> org.hibernate.type.AdaptedImmutableType@3059cbc
07:52:59,176 DEBUG BasicTypeRegistry:148 - Adding type registration imm_binary -> org.hibernate.type.AdaptedImmutableType@7ea9e1e2
07:52:59,176 DEBUG BasicTypeRegistry:148 - Adding type registration imm_serializable -> org.hibernate.type.AdaptedImmutableType@24fcf36f
07:53:00,740 TRACE TypeFactory:72 - Scoping types to session factory org.hibernate.internal.SessionFactoryImpl@64c63c79
07:53:01,917 TRACE BasicBinder:83 - binding parameter [1] as [INTEGER] - 1
07:53:01,968 TRACE BasicExtractor:72 - Found [Ravi] as column [name2_0_0_]
07:53:01,969 TRACE BasicExtractor:72 - Found [29344.440000000002] as column [salary3_0_0_]
07:53:02,016 TRACE BasicBinder:83 - binding parameter [1] as [VARCHAR] - Ravi
07:53:02,017 TRACE BasicBinder:83 - binding parameter [2] as [DOUBLE] - 24344.440000000002
07:53:02,017 TRACE BasicBinder:83 - binding parameter [3] as [INTEGER] - 1
07:53:38,202 DEBUG BasicTypeRegistry:148 - Adding type registration boolean -> org.hibernate.type.BooleanType@73a1e9a9
07:53:38,207 DEBUG BasicTypeRegistry:148 - Adding type registration boolean -> org.hibernate.type.BooleanType@73a1e9a9
07:53:38,208 DEBUG BasicTypeRegistry:148 - Adding type registration java.lang.Boolean -> org.hibernate.type.BooleanType@73a1e9a9
07:53:38,210 DEBUG BasicTypeRegistry:148 - Adding type registration numeric_boolean -> org.hibernate.type.NumericBooleanType@41d477ed
07:53:38,211 DEBUG BasicTypeRegistry:148 - Adding type registration true_false -> org.hibernate.type.TrueFalseType@443118b0
07:53:38,212 DEBUG BasicTypeRegistry:148 - Adding type registration yes_no -> org.hibernate.type.YesNoType@618b19ad
07:53:38,215 DEBUG BasicTypeRegistry:148 - Adding type registration byte -> org.hibernate.type.ByteType@411f53a0
07:53:38,216 DEBUG BasicTypeRegistry:148 - Adding type registration byte -> org.hibernate.type.ByteType@411f53a0
07:53:38,217 DEBUG BasicTypeRegistry:148 - Adding type registration java.lang.Byte -> org.hibernate.type.ByteType@411f53a0
07:53:38,218 DEBUG BasicTypeRegistry:148 - Adding type registration character -> org.hibernate.type.CharacterType@3754a4bf
07:53:38,219 DEBUG BasicTypeRegistry:148 - Adding type registration char -> org.hibernate.type.CharacterType@3754a4bf
07:53:38,220 DEBUG BasicTypeRegistry:148 - Adding type registration java.lang.Character -> org.hibernate.type.CharacterType@3754a4bf
07:53:38,224 DEBUG BasicTypeRegistry:148 - Adding type registration short -> org.hibernate.type.ShortType@1d296da
07:53:38,225 DEBUG BasicTypeRegistry:148 - Adding type registration short -> org.hibernate.type.ShortType@1d296da
07:53:38,226 DEBUG BasicTypeRegistry:148 - Adding type registration java.lang.Short -> org.hibernate.type.ShortType@1d296da
07:53:38,228 DEBUG BasicTypeRegistry:148 - Adding type registration integer -> org.hibernate.type.IntegerType@6c6cb480
07:53:38,231 DEBUG BasicTypeRegistry:148 - Adding type registration int -> org.hibernate.type.IntegerType@6c6cb480
07:53:38,231 DEBUG BasicTypeRegistry:148 - Adding type registration java.lang.Integer -> org.hibernate.type.IntegerType@6c6cb480
07:53:38,234 DEBUG BasicTypeRegistry:148 - Adding type registration long -> org.hibernate.type.LongType@38425407
07:53:38,235 DEBUG BasicTypeRegistry:148 - Adding type registration long -> org.hibernate.type.LongType@38425407
07:53:38,235 DEBUG BasicTypeRegistry:148 - Adding type registration java.lang.Long -> org.hibernate.type.LongType@38425407
07:53:38,239 DEBUG BasicTypeRegistry:148 - Adding type registration float -> org.hibernate.type.FloatType@327514f
07:53:38,239 DEBUG BasicTypeRegistry:148 - Adding type registration float -> org.hibernate.type.FloatType@327514f
07:53:38,240 DEBUG BasicTypeRegistry:148 - Adding type registration java.lang.Float -> org.hibernate.type.FloatType@327514f
07:53:38,241 DEBUG BasicTypeRegistry:148 - Adding type registration double -> org.hibernate.type.DoubleType@5542c4ed
07:53:38,241 DEBUG BasicTypeRegistry:148 - Adding type registration double -> org.hibernate.type.DoubleType@5542c4ed
07:53:38,242 DEBUG BasicTypeRegistry:148 - Adding type registration java.lang.Double -> org.hibernate.type.DoubleType@5542c4ed
07:53:38,245 DEBUG BasicTypeRegistry:148 - Adding type registration big_decimal -> org.hibernate.type.BigDecimalType@10683d9d
07:53:38,245 DEBUG BasicTypeRegistry:148 - Adding type registration java.math.BigDecimal -> org.hibernate.type.BigDecimalType@10683d9d
07:53:38,247 DEBUG BasicTypeRegistry:148 - Adding type registration big_integer -> org.hibernate.type.BigIntegerType@139982de
07:53:38,247 DEBUG BasicTypeRegistry:148 - Adding type registration java.math.BigInteger -> org.hibernate.type.BigIntegerType@139982de
07:53:38,248 DEBUG BasicTypeRegistry:148 - Adding type registration string -> org.hibernate.type.StringType@31190526
07:53:38,249 DEBUG BasicTypeRegistry:148 - Adding type registration java.lang.String -> org.hibernate.type.StringType@31190526
07:53:38,250 DEBUG BasicTypeRegistry:148 - Adding type registration nstring -> org.hibernate.type.StringNVarcharType@77c2494c
07:53:38,251 DEBUG BasicTypeRegistry:148 - Adding type registration ncharacter -> org.hibernate.type.CharacterNCharType@1e800aaa
07:53:38,254 DEBUG BasicTypeRegistry:148 - Adding type registration url -> org.hibernate.type.UrlType@3b0090a4
07:53:38,254 DEBUG BasicTypeRegistry:148 - Adding type registration java.net.URL -> org.hibernate.type.UrlType@3b0090a4
07:53:38,256 DEBUG BasicTypeRegistry:148 - Adding type registration date -> org.hibernate.type.DateType@15de0b3c
07:53:38,256 DEBUG BasicTypeRegistry:148 - Adding type registration java.sql.Date -> org.hibernate.type.DateType@15de0b3c
07:53:38,258 DEBUG BasicTypeRegistry:148 - Adding type registration time -> org.hibernate.type.TimeType@79079097
07:53:38,258 DEBUG BasicTypeRegistry:148 - Adding type registration java.sql.Time -> org.hibernate.type.TimeType@79079097
07:53:38,262 DEBUG BasicTypeRegistry:148 - Adding type registration timestamp -> org.hibernate.type.TimestampType@3d285d7e
07:53:38,263 DEBUG BasicTypeRegistry:148 - Adding type registration java.sql.Timestamp -> org.hibernate.type.TimestampType@3d285d7e
07:53:38,263 DEBUG BasicTypeRegistry:148 - Adding type registration java.util.Date -> org.hibernate.type.TimestampType@3d285d7e
07:53:38,266 DEBUG BasicTypeRegistry:148 - Adding type registration dbtimestamp -> org.hibernate.type.DbTimestampType@367ffa75
07:53:38,269 DEBUG BasicTypeRegistry:148 - Adding type registration calendar -> org.hibernate.type.CalendarType@fbd1f6
07:53:38,270 DEBUG BasicTypeRegistry:148 - Adding type registration java.util.Calendar -> org.hibernate.type.CalendarType@fbd1f6
07:53:38,270 DEBUG BasicTypeRegistry:148 - Adding type registration java.util.GregorianCalendar -> org.hibernate.type.CalendarType@fbd1f6
07:53:38,271 DEBUG BasicTypeRegistry:148 - Adding type registration calendar_date -> org.hibernate.type.CalendarDateType@7a8c8dcf
07:53:38,273 DEBUG BasicTypeRegistry:148 - Adding type registration locale -> org.hibernate.type.LocaleType@2a5c8d3f
07:53:38,273 DEBUG BasicTypeRegistry:148 - Adding type registration java.util.Locale -> org.hibernate.type.LocaleType@2a5c8d3f
07:53:38,276 DEBUG BasicTypeRegistry:148 - Adding type registration currency -> org.hibernate.type.CurrencyType@2925bf5b
07:53:38,277 DEBUG BasicTypeRegistry:148 - Adding type registration java.util.Currency -> org.hibernate.type.CurrencyType@2925bf5b
07:53:38,279 DEBUG BasicTypeRegistry:148 - Adding type registration timezone -> org.hibernate.type.TimeZoneType@6ad82709
07:53:38,280 DEBUG BasicTypeRegistry:148 - Adding type registration java.util.TimeZone -> org.hibernate.type.TimeZoneType@6ad82709
07:53:38,281 DEBUG BasicTypeRegistry:148 - Adding type registration class -> org.hibernate.type.ClassType@b2c9a9c
07:53:38,281 DEBUG BasicTypeRegistry:148 - Adding type registration java.lang.Class -> org.hibernate.type.ClassType@b2c9a9c
07:53:38,283 DEBUG BasicTypeRegistry:148 - Adding type registration uuid-binary -> org.hibernate.type.UUIDBinaryType@24313fcc
07:53:38,284 DEBUG BasicTypeRegistry:148 - Adding type registration java.util.UUID -> org.hibernate.type.UUIDBinaryType@24313fcc
07:53:38,285 DEBUG BasicTypeRegistry:148 - Adding type registration uuid-char -> org.hibernate.type.UUIDCharType@41a2befb
07:53:38,287 DEBUG BasicTypeRegistry:148 - Adding type registration pg-uuid -> org.hibernate.type.PostgresUUIDType@38afe297
07:53:38,289 DEBUG BasicTypeRegistry:148 - Adding type registration binary -> org.hibernate.type.BinaryType@7c9d8e2
07:53:38,290 DEBUG BasicTypeRegistry:148 - Adding type registration byte[] -> org.hibernate.type.BinaryType@7c9d8e2
07:53:38,290 DEBUG BasicTypeRegistry:148 - Adding type registration [B -> org.hibernate.type.BinaryType@7c9d8e2
07:53:38,294 DEBUG BasicTypeRegistry:148 - Adding type registration wrapper-binary -> org.hibernate.type.WrapperBinaryType@6f4a47c7
07:53:38,294 DEBUG BasicTypeRegistry:148 - Adding type registration Byte[] -> org.hibernate.type.WrapperBinaryType@6f4a47c7
07:53:38,296 DEBUG BasicTypeRegistry:148 - Adding type registration [Ljava.lang.Byte; -> org.hibernate.type.WrapperBinaryType@6f4a47c7
07:53:38,298 DEBUG BasicTypeRegistry:148 - Adding type registration image -> org.hibernate.type.ImageType@43c1b556
07:53:38,300 DEBUG BasicTypeRegistry:148 - Adding type registration characters -> org.hibernate.type.CharArrayType@4988d8b8
07:53:38,301 DEBUG BasicTypeRegistry:148 - Adding type registration char[] -> org.hibernate.type.CharArrayType@4988d8b8
07:53:38,301 DEBUG BasicTypeRegistry:148 - Adding type registration [C -> org.hibernate.type.CharArrayType@4988d8b8
07:53:38,303 DEBUG BasicTypeRegistry:148 - Adding type registration wrapper-characters -> org.hibernate.type.CharacterArrayType@bccb269
07:53:38,304 DEBUG BasicTypeRegistry:148 - Adding type registration [Ljava.lang.Character; -> org.hibernate.type.CharacterArrayType@bccb269
07:53:38,304 DEBUG BasicTypeRegistry:148 - Adding type registration Character[] -> org.hibernate.type.CharacterArrayType@bccb269
07:53:38,305 DEBUG BasicTypeRegistry:148 - Adding type registration text -> org.hibernate.type.TextType@158a8276
07:53:38,307 DEBUG BasicTypeRegistry:148 - Adding type registration ntext -> org.hibernate.type.NTextType@4e50c791
07:53:38,314 DEBUG BasicTypeRegistry:148 - Adding type registration blob -> org.hibernate.type.BlobType@561b6512
07:53:38,315 DEBUG BasicTypeRegistry:148 - Adding type registration java.sql.Blob -> org.hibernate.type.BlobType@561b6512
07:53:38,316 DEBUG BasicTypeRegistry:148 - Adding type registration materialized_blob -> org.hibernate.type.MaterializedBlobType@445b295b
07:53:38,324 DEBUG BasicTypeRegistry:148 - Adding type registration clob -> org.hibernate.type.ClobType@291b4bf5
07:53:38,325 DEBUG BasicTypeRegistry:148 - Adding type registration java.sql.Clob -> org.hibernate.type.ClobType@291b4bf5
07:53:38,329 DEBUG BasicTypeRegistry:148 - Adding type registration nclob -> org.hibernate.type.NClobType@6a2b953e
07:53:38,330 DEBUG BasicTypeRegistry:148 - Adding type registration java.sql.NClob -> org.hibernate.type.NClobType@6a2b953e
07:53:38,331 DEBUG BasicTypeRegistry:148 - Adding type registration materialized_clob -> org.hibernate.type.MaterializedClobType@548e6d58
07:53:38,332 DEBUG BasicTypeRegistry:148 - Adding type registration materialized_nclob -> org.hibernate.type.MaterializedNClobType@175b9425
07:53:38,334 DEBUG BasicTypeRegistry:148 - Adding type registration serializable -> org.hibernate.type.SerializableType@57250572
07:53:38,338 DEBUG BasicTypeRegistry:148 - Adding type registration object -> org.hibernate.type.ObjectType@3f56875e
07:53:38,339 DEBUG BasicTypeRegistry:148 - Adding type registration java.lang.Object -> org.hibernate.type.ObjectType@3f56875e
07:53:38,339 DEBUG BasicTypeRegistry:148 - Adding type registration imm_date -> org.hibernate.type.AdaptedImmutableType@3571b748
07:53:38,340 DEBUG BasicTypeRegistry:148 - Adding type registration imm_time -> org.hibernate.type.AdaptedImmutableType@3e96bacf
07:53:38,340 DEBUG BasicTypeRegistry:148 - Adding type registration imm_timestamp -> org.hibernate.type.AdaptedImmutableType@484970b0
07:53:38,341 DEBUG BasicTypeRegistry:148 - Adding type registration imm_dbtimestamp -> org.hibernate.type.AdaptedImmutableType@4470f8a6
07:53:38,342 DEBUG BasicTypeRegistry:148 - Adding type registration imm_calendar -> org.hibernate.type.AdaptedImmutableType@7c83dc97
07:53:38,344 DEBUG BasicTypeRegistry:148 - Adding type registration imm_calendar_date -> org.hibernate.type.AdaptedImmutableType@7748410a
07:53:38,344 DEBUG BasicTypeRegistry:148 - Adding type registration imm_binary -> org.hibernate.type.AdaptedImmutableType@740773a3
07:53:38,345 DEBUG BasicTypeRegistry:148 - Adding type registration imm_serializable -> org.hibernate.type.AdaptedImmutableType@37f1104d
07:53:38,400 DEBUG BasicTypeRegistry:148 - Adding type registration boolean -> org.hibernate.type.BooleanType@73a1e9a9
07:53:38,401 DEBUG BasicTypeRegistry:148 - Adding type registration boolean -> org.hibernate.type.BooleanType@73a1e9a9
07:53:38,401 DEBUG BasicTypeRegistry:148 - Adding type registration java.lang.Boolean -> org.hibernate.type.BooleanType@73a1e9a9
07:53:38,401 DEBUG BasicTypeRegistry:148 - Adding type registration numeric_boolean -> org.hibernate.type.NumericBooleanType@41d477ed
07:53:38,402 DEBUG BasicTypeRegistry:148 - Adding type registration true_false -> org.hibernate.type.TrueFalseType@443118b0
07:53:38,403 DEBUG BasicTypeRegistry:148 - Adding type registration yes_no -> org.hibernate.type.YesNoType@618b19ad
07:53:38,406 DEBUG BasicTypeRegistry:148 - Adding type registration byte -> org.hibernate.type.ByteType@411f53a0
07:53:38,406 DEBUG BasicTypeRegistry:148 - Adding type registration byte -> org.hibernate.type.ByteType@411f53a0
07:53:38,407 DEBUG BasicTypeRegistry:148 - Adding type registration java.lang.Byte -> org.hibernate.type.ByteType@411f53a0
07:53:38,407 DEBUG BasicTypeRegistry:148 - Adding type registration character -> org.hibernate.type.CharacterType@3754a4bf
07:53:38,407 DEBUG BasicTypeRegistry:148 - Adding type registration char -> org.hibernate.type.CharacterType@3754a4bf
07:53:38,408 DEBUG BasicTypeRegistry:148 - Adding type registration java.lang.Character -> org.hibernate.type.CharacterType@3754a4bf
07:53:38,408 DEBUG BasicTypeRegistry:148 - Adding type registration short -> org.hibernate.type.ShortType@1d296da
07:53:38,408 DEBUG BasicTypeRegistry:148 - Adding type registration short -> org.hibernate.type.ShortType@1d296da
07:53:38,409 DEBUG BasicTypeRegistry:148 - Adding type registration java.lang.Short -> org.hibernate.type.ShortType@1d296da
07:53:38,409 DEBUG BasicTypeRegistry:148 - Adding type registration integer -> org.hibernate.type.IntegerType@6c6cb480
07:53:38,409 DEBUG BasicTypeRegistry:148 - Adding type registration int -> org.hibernate.type.IntegerType@6c6cb480
07:53:38,409 DEBUG BasicTypeRegistry:148 - Adding type registration java.lang.Integer -> org.hibernate.type.IntegerType@6c6cb480
07:53:38,410 DEBUG BasicTypeRegistry:148 - Adding type registration long -> org.hibernate.type.LongType@38425407
07:53:38,410 DEBUG BasicTypeRegistry:148 - Adding type registration long -> org.hibernate.type.LongType@38425407
07:53:38,410 DEBUG BasicTypeRegistry:148 - Adding type registration java.lang.Long -> org.hibernate.type.LongType@38425407
07:53:38,410 DEBUG BasicTypeRegistry:148 - Adding type registration float -> org.hibernate.type.FloatType@327514f
07:53:38,411 DEBUG BasicTypeRegistry:148 - Adding type registration float -> org.hibernate.type.FloatType@327514f
07:53:38,411 DEBUG BasicTypeRegistry:148 - Adding type registration java.lang.Float -> org.hibernate.type.FloatType@327514f
07:53:38,412 DEBUG BasicTypeRegistry:148 - Adding type registration double -> org.hibernate.type.DoubleType@5542c4ed
07:53:38,412 DEBUG BasicTypeRegistry:148 - Adding type registration double -> org.hibernate.type.DoubleType@5542c4ed
07:53:38,413 DEBUG BasicTypeRegistry:148 - Adding type registration java.lang.Double -> org.hibernate.type.DoubleType@5542c4ed
07:53:38,413 DEBUG BasicTypeRegistry:148 - Adding type registration big_decimal -> org.hibernate.type.BigDecimalType@10683d9d
07:53:38,414 DEBUG BasicTypeRegistry:148 - Adding type registration java.math.BigDecimal -> org.hibernate.type.BigDecimalType@10683d9d
07:53:38,414 DEBUG BasicTypeRegistry:148 - Adding type registration big_integer -> org.hibernate.type.BigIntegerType@139982de
07:53:38,415 DEBUG BasicTypeRegistry:148 - Adding type registration java.math.BigInteger -> org.hibernate.type.BigIntegerType@139982de
07:53:38,416 DEBUG BasicTypeRegistry:148 - Adding type registration string -> org.hibernate.type.StringType@31190526
07:53:38,417 DEBUG BasicTypeRegistry:148 - Adding type registration java.lang.String -> org.hibernate.type.StringType@31190526
07:53:38,418 DEBUG BasicTypeRegistry:148 - Adding type registration nstring -> org.hibernate.type.StringNVarcharType@77c2494c
07:53:38,418 DEBUG BasicTypeRegistry:148 - Adding type registration ncharacter -> org.hibernate.type.CharacterNCharType@1e800aaa
07:53:38,419 DEBUG BasicTypeRegistry:148 - Adding type registration url -> org.hibernate.type.UrlType@3b0090a4
07:53:38,421 DEBUG BasicTypeRegistry:148 - Adding type registration java.net.URL -> org.hibernate.type.UrlType@3b0090a4
07:53:38,422 DEBUG BasicTypeRegistry:148 - Adding type registration date -> org.hibernate.type.DateType@15de0b3c
07:53:38,422 DEBUG BasicTypeRegistry:148 - Adding type registration java.sql.Date -> org.hibernate.type.DateType@15de0b3c
07:53:38,423 DEBUG BasicTypeRegistry:148 - Adding type registration time -> org.hibernate.type.TimeType@79079097
07:53:38,423 DEBUG BasicTypeRegistry:148 - Adding type registration java.sql.Time -> org.hibernate.type.TimeType@79079097
07:53:38,424 DEBUG BasicTypeRegistry:148 - Adding type registration timestamp -> org.hibernate.type.TimestampType@3d285d7e
07:53:38,424 DEBUG BasicTypeRegistry:148 - Adding type registration java.sql.Timestamp -> org.hibernate.type.TimestampType@3d285d7e
07:53:38,425 DEBUG BasicTypeRegistry:148 - Adding type registration java.util.Date -> org.hibernate.type.TimestampType@3d285d7e
07:53:38,425 DEBUG BasicTypeRegistry:148 - Adding type registration dbtimestamp -> org.hibernate.type.DbTimestampType@367ffa75
07:53:38,426 DEBUG BasicTypeRegistry:148 - Adding type registration calendar -> org.hibernate.type.CalendarType@fbd1f6
07:53:38,427 DEBUG BasicTypeRegistry:148 - Adding type registration java.util.Calendar -> org.hibernate.type.CalendarType@fbd1f6
07:53:38,427 DEBUG BasicTypeRegistry:148 - Adding type registration java.util.GregorianCalendar -> org.hibernate.type.CalendarType@fbd1f6
07:53:38,427 DEBUG BasicTypeRegistry:148 - Adding type registration calendar_date -> org.hibernate.type.CalendarDateType@7a8c8dcf
07:53:38,429 DEBUG BasicTypeRegistry:148 - Adding type registration locale -> org.hibernate.type.LocaleType@2a5c8d3f
07:53:38,430 DEBUG BasicTypeRegistry:148 - Adding type registration java.util.Locale -> org.hibernate.type.LocaleType@2a5c8d3f
07:53:38,430 DEBUG BasicTypeRegistry:148 - Adding type registration currency -> org.hibernate.type.CurrencyType@2925bf5b
07:53:38,431 DEBUG BasicTypeRegistry:148 - Adding type registration java.util.Currency -> org.hibernate.type.CurrencyType@2925bf5b
07:53:38,431 DEBUG BasicTypeRegistry:148 - Adding type registration timezone -> org.hibernate.type.TimeZoneType@6ad82709
07:53:38,432 DEBUG BasicTypeRegistry:148 - Adding type registration java.util.TimeZone -> org.hibernate.type.TimeZoneType@6ad82709
07:53:38,432 DEBUG BasicTypeRegistry:148 - Adding type registration class -> org.hibernate.type.ClassType@b2c9a9c
07:53:38,432 DEBUG BasicTypeRegistry:148 - Adding type registration java.lang.Class -> org.hibernate.type.ClassType@b2c9a9c
07:53:38,433 DEBUG BasicTypeRegistry:148 - Adding type registration uuid-binary -> org.hibernate.type.UUIDBinaryType@24313fcc
07:53:38,433 DEBUG BasicTypeRegistry:148 - Adding type registration java.util.UUID -> org.hibernate.type.UUIDBinaryType@24313fcc
07:53:38,434 DEBUG BasicTypeRegistry:148 - Adding type registration uuid-char -> org.hibernate.type.UUIDCharType@41a2befb
07:53:38,434 DEBUG BasicTypeRegistry:148 - Adding type registration pg-uuid -> org.hibernate.type.PostgresUUIDType@38afe297
07:53:38,434 DEBUG BasicTypeRegistry:148 - Adding type registration binary -> org.hibernate.type.BinaryType@7c9d8e2
07:53:38,435 DEBUG BasicTypeRegistry:148 - Adding type registration byte[] -> org.hibernate.type.BinaryType@7c9d8e2
07:53:38,435 DEBUG BasicTypeRegistry:148 - Adding type registration [B -> org.hibernate.type.BinaryType@7c9d8e2
07:53:38,435 DEBUG BasicTypeRegistry:148 - Adding type registration wrapper-binary -> org.hibernate.type.WrapperBinaryType@6f4a47c7
07:53:38,436 DEBUG BasicTypeRegistry:148 - Adding type registration Byte[] -> org.hibernate.type.WrapperBinaryType@6f4a47c7
07:53:38,438 DEBUG BasicTypeRegistry:148 - Adding type registration [Ljava.lang.Byte; -> org.hibernate.type.WrapperBinaryType@6f4a47c7
07:53:38,438 DEBUG BasicTypeRegistry:148 - Adding type registration image -> org.hibernate.type.ImageType@43c1b556
07:53:38,439 DEBUG BasicTypeRegistry:148 - Adding type registration characters -> org.hibernate.type.CharArrayType@4988d8b8
07:53:38,440 DEBUG BasicTypeRegistry:148 - Adding type registration char[] -> org.hibernate.type.CharArrayType@4988d8b8
07:53:38,440 DEBUG BasicTypeRegistry:148 - Adding type registration [C -> org.hibernate.type.CharArrayType@4988d8b8
07:53:38,440 DEBUG BasicTypeRegistry:148 - Adding type registration wrapper-characters -> org.hibernate.type.CharacterArrayType@bccb269
07:53:38,441 DEBUG BasicTypeRegistry:148 - Adding type registration [Ljava.lang.Character; -> org.hibernate.type.CharacterArrayType@bccb269
07:53:38,442 DEBUG BasicTypeRegistry:148 - Adding type registration Character[] -> org.hibernate.type.CharacterArrayType@bccb269
07:53:38,442 DEBUG BasicTypeRegistry:148 - Adding type registration text -> org.hibernate.type.TextType@158a8276
07:53:38,443 DEBUG BasicTypeRegistry:148 - Adding type registration ntext -> org.hibernate.type.NTextType@4e50c791
07:53:38,443 DEBUG BasicTypeRegistry:148 - Adding type registration blob -> org.hibernate.type.BlobType@561b6512
07:53:38,444 DEBUG BasicTypeRegistry:148 - Adding type registration java.sql.Blob -> org.hibernate.type.BlobType@561b6512
07:53:38,446 DEBUG BasicTypeRegistry:148 - Adding type registration materialized_blob -> org.hibernate.type.MaterializedBlobType@445b295b
07:53:38,446 DEBUG BasicTypeRegistry:148 - Adding type registration clob -> org.hibernate.type.ClobType@291b4bf5
07:53:38,447 DEBUG BasicTypeRegistry:148 - Adding type registration java.sql.Clob -> org.hibernate.type.ClobType@291b4bf5
07:53:38,447 DEBUG BasicTypeRegistry:148 - Adding type registration nclob -> org.hibernate.type.NClobType@6a2b953e
07:53:38,448 DEBUG BasicTypeRegistry:148 - Adding type registration java.sql.NClob -> org.hibernate.type.NClobType@6a2b953e
07:53:38,448 DEBUG BasicTypeRegistry:148 - Adding type registration materialized_clob -> org.hibernate.type.MaterializedClobType@548e6d58
07:53:38,448 DEBUG BasicTypeRegistry:148 - Adding type registration materialized_nclob -> org.hibernate.type.MaterializedNClobType@175b9425
07:53:38,448 DEBUG BasicTypeRegistry:148 - Adding type registration serializable -> org.hibernate.type.SerializableType@57250572
07:53:38,449 DEBUG BasicTypeRegistry:148 - Adding type registration object -> org.hibernate.type.ObjectType@3f56875e
07:53:38,449 DEBUG BasicTypeRegistry:148 - Adding type registration java.lang.Object -> org.hibernate.type.ObjectType@3f56875e
07:53:38,450 DEBUG BasicTypeRegistry:148 - Adding type registration imm_date -> org.hibernate.type.AdaptedImmutableType@33990a0c
07:53:38,450 DEBUG BasicTypeRegistry:148 - Adding type registration imm_time -> org.hibernate.type.AdaptedImmutableType@4de4b452
07:53:38,450 DEBUG BasicTypeRegistry:148 - Adding type registration imm_timestamp -> org.hibernate.type.AdaptedImmutableType@50b5ac82
07:53:38,451 DEBUG BasicTypeRegistry:148 - Adding type registration imm_dbtimestamp -> org.hibernate.type.AdaptedImmutableType@101952da
07:53:38,451 DEBUG BasicTypeRegistry:148 - Adding type registration imm_calendar -> org.hibernate.type.AdaptedImmutableType@6babf3bf
07:53:38,451 DEBUG BasicTypeRegistry:148 - Adding type registration imm_calendar_date -> org.hibernate.type.AdaptedImmutableType@3059cbc
07:53:38,452 DEBUG BasicTypeRegistry:148 - Adding type registration imm_binary -> org.hibernate.type.AdaptedImmutableType@7ea9e1e2
07:53:38,452 DEBUG BasicTypeRegistry:148 - Adding type registration imm_serializable -> org.hibernate.type.AdaptedImmutableType@24fcf36f
07:53:39,048 TRACE TypeFactory:72 - Scoping types to session factory org.hibernate.internal.SessionFactoryImpl@64c63c79
07:53:39,699 TRACE BasicBinder:83 - binding parameter [1] as [INTEGER] - 1
07:53:39,726 TRACE BasicExtractor:72 - Found [Ravi] as column [name2_0_0_]
07:53:39,727 TRACE BasicExtractor:72 - Found [24344.440000000002] as column [salary3_0_0_]
07:53:39,758 TRACE BasicBinder:83 - binding parameter [1] as [VARCHAR] - Ravi
07:53:39,760 TRACE BasicBinder:83 - binding parameter [2] as [DOUBLE] - 29344.440000000002
07:53:39,760 TRACE BasicBinder:83 - binding parameter [3] as [INTEGER] - 1
